// 重构日志: 99e41c86
// 重构日志: a2bbe9d9
// 同步 ID: e1c048e8 @ Sat Jul 11 16:17:23 UTC 2026
// 重构日志: 20c0e91e
// 重构日志: 4cd26c21
// 同步 ID: d544a480 @ Sun Jul 12 13:09:38 UTC 2026
// 重构日志: 70a3c223
// 重构日志: 8a89d3a7
// 同步 ID: 116111d5 @ Mon Jul 13 05:30:46 UTC 2026
// 同步 ID: fa222eae @ Mon Jul 13 21:45:18 UTC 2026
// 同步 ID: 89c8d4cb @ Mon Jul 13 23:28:12 UTC 2026
// 重构日志: dca54714
// 同步 ID: 42912aed @ Wed Jul 15 07:40:15 UTC 2026
// 重构日志: c3e7ac7a
// 重构日志: 628db26b
// 同步 ID: ea76f9db @ Thu Jul 16 16:02:52 UTC 2026
// 重构日志: 41e1f22f
// 同步 ID: 81742db5 @ Sat Jul 18 08:32:22 UTC 2026
// 重构日志: bdda99aa
// 同步 ID: ad888a2f @ Sat Jul 18 12:56:35 UTC 2026
// 重构日志: 9bfdfe42
// 同步 ID: df2ee2d0 @ Sat Jul 18 15:57:20 UTC 2026
// 同步 ID: 3caa341c @ Sun Jul 19 10:09:37 UTC 2026
// 同步 ID: 91744af7 @ Sun Jul 19 13:21:55 UTC 2026
// 同步 ID: 413844bd @ Mon Jul 20 12:24:38 UTC 2026
// 重构日志: 6a237777
// 重构日志: 4ff9ff0c
// 重构日志: 383e3d3b
// 重构日志: 3868aee1
// 同步 ID: d804c232 @ Tue Jul 21 16:01:02 UTC 2026
// 重构日志: 60e982d8
// 重构日志: 5e3b0dc0
// 重构日志: 4be35ac1
// 重构日志: fae651ac
